<?xml version="1.0" encoding="UTF-8"?>
<!-- Generated by org.testng.reporters.JUnitReportReporter -->
<testsuite hostname="DESKTOP-SGPLFQ4" failures="0" tests="4" name="magentoProjectTest.MyFirstTask" time="17.940" errors="0" timestamp="2024-08-13T13:42:36 EEST" skipped="3">
  <testcase classname="magentoProjectTest.MyFirstTask" name="addMenItem" time="17.940"/>
  <system-out/>
  <testcase classname="magentoProjectTest.MyFirstTask" name="signIn">
    <skipped/>
  </testcase> <!-- signIn -->
  <system-out/>
  <testcase classname="magentoProjectTest.MyFirstTask" name="createAnAccount">
    <skipped/>
  </testcase> <!-- createAnAccount -->
  <system-out/>
  <testcase classname="magentoProjectTest.MyFirstTask" name="logout">
    <skipped/>
  </testcase> <!-- logout -->
  <system-out/>
</testsuite> <!-- magentoProjectTest.MyFirstTask -->
